SF:src/Clenshaw/Algorithm/ClenshawAlgorithm.jl
DA:12,23
DA:22,46
DA:24,276
DA:25,276
DA:26,529
DA:28,23
DA:35,163
DA:46,326
DA:48,1956
DA:49,1956
DA:50,3749
DA:52,163
DA:53,163
LH:13
LF:13
end_of_record
SF:src/Clenshaw/Algorithm/FinalSum.jl
DA:10,0
DA:11,0
DA:12,0
DA:18,0
DA:19,0
DA:20,0
DA:21,0
DA:27,163
DA:29,163
LH:2
LF:9
end_of_record
SF:src/Clenshaw/Algorithm/RecurrenceRelations.jl
DA:11,0
DA:14,0
DA:15,0
DA:19,0
DA:20,0
DA:21,0
DA:22,0
DA:27,1956
LH:1
LF:8
end_of_record
SF:src/Clenshaw/Clenshaw.jl
DA:22,57
DA:30,2475
DA:31,57
DA:32,57
DA:36,0
DA:45,0
DA:46,0
DA:50,0
DA:56,0
DA:57,0
DA:58,0
DA:59,0
DA:79,552
DA:80,276
DA:84,0
DA:94,0
DA:95,0
DA:96,0
DA:115,46
DA:116,23
DA:120,0
DA:131,0
DA:132,0
DA:133,0
DA:141,57
DA:142,57
DA:144,390
DA:145,276
DA:148,137
DA:149,23
DA:152,57
DA:162,23
DA:163,276
DA:164,23
DA:166,23
DA:174,163
DA:175,489
DA:177,163
DA:178,163
DA:179,163
LH:24
LF:40
end_of_record
SF:src/Clenshaw/ClenshawMapping.jl
DA:8,0
DA:9,0
DA:10,0
DA:11,0
LH:0
LF:4
end_of_record
SF:src/Common/addtime.jl
DA:12,154
DA:13,154
DA:15,133
DA:16,133
LH:4
LF:4
end_of_record
SF:src/Common/common.jl
LH:0
LF:0
end_of_record
SF:src/Common/formater.jl
DA:30,0
DA:31,0
DA:39,0
DA:40,0
DA:41,0
DA:42,0
DA:43,0
DA:44,0
LH:0
LF:8
end_of_record
SF:src/Common/logging.jl
DA:47,256
DA:59,64
DA:60,64
DA:61,0
DA:62,0
DA:63,0
DA:64,0
DA:65,0
DA:66,0
DA:68,0
LH:3
LF:10
end_of_record
SF:src/DensetiesOfStates/DensitiesOfStates.jl
DA:14,1
DA:15,1
DA:16,1
DA:17,1
DA:19,1
DA:27,1
DA:28,1
DA:29,1
DA:32,1
DA:33,1
DA:34,1
DA:42,1
LH:12
LF:12
end_of_record
SF:src/DensetiesOfStates/Kernels.jl
DA:33,8
DA:34,8
DA:37,0
DA:38,0
DA:42,0
DA:43,0
DA:47,0
DA:48,0
DA:49,0
DA:51,0
DA:56,0
DA:57,0
DA:61,0
DA:62,0
DA:83,1
DA:84,1
DA:85,1
LH:5
LF:17
end_of_record
SF:src/DensetiesOfStates/Moments.jl
DA:13,1
DA:14,1
DA:15,1
DA:17,0
DA:42,1
DA:45,1
DA:58,0
DA:60,0
DA:61,0
DA:62,0
DA:64,0
DA:65,0
DA:66,0
DA:67,0
DA:68,0
DA:69,0
DA:71,0
DA:72,0
DA:87,1
DA:88,1
DA:89,1
DA:90,1
DA:91,1
DA:92,2
DA:95,1
DA:96,2
DA:97,2
DA:98,2
DA:99,2
DA:101,4
DA:102,2
DA:103,2
DA:106,2
DA:107,1
DA:108,1
DA:124,2
DA:127,4
DA:128,2
DA:130,4
DA:131,2
DA:133,2
DA:134,24
DA:135,12
DA:136,24
DA:137,12
DA:138,12
DA:139,12
LH:34
LF:47
end_of_record
SF:src/Lanczos/Convergence/CalculatingResiduals.jl
DA:8,1
DA:14,1
DA:16,1
DA:18,2
DA:20,1
DA:21,1
DA:22,1
DA:24,1
DA:25,0
DA:26,0
DA:28,0
DA:30,0
DA:32,0
DA:33,0
DA:34,0
DA:36,1
DA:40,1
DA:41,1
DA:54,3
DA:55,3
DA:58,3
DA:59,3
DA:60,3
DA:63,3
DA:64,3
DA:65,3
DA:67,3
DA:68,9
DA:69,9
DA:72,18
DA:73,9
DA:74,9
DA:79,3
DA:81,3
DA:82,3
DA:83,3
DA:84,3
DA:85,3
DA:88,3
DA:98,9
DA:99,9
DA:100,9
DA:103,0
DA:104,0
LH:35
LF:44
end_of_record
SF:src/Lanczos/Convergence/Convergence.jl
LH:0
LF:0
end_of_record
SF:src/Lanczos/Convergence/ConvergenceInfo.jl
DA:37,1
DA:38,1
DA:39,1
DA:40,1
DA:41,1
DA:42,1
DA:43,1
DA:44,1
DA:45,1
DA:46,1
DA:47,1
DA:48,1
DA:49,1
DA:70,22
DA:72,42
DA:74,3
DA:75,3
DA:76,0
DA:85,3
DA:96,6
DA:97,1
DA:98,1
DA:100,1
DA:101,1
DA:102,1
DA:103,0
DA:110,1
DA:111,0
DA:118,1
DA:128,3
LH:27
LF:30
end_of_record
SF:src/Lanczos/Convergence/EigSorter.jl
DA:14,2
DA:41,4
DA:42,4
DA:44,4
DA:45,1
DA:46,3
DA:47,3
DA:48,0
DA:49,0
DA:50,0
DA:51,0
DA:53,0
DA:56,4
LH:8
LF:13
end_of_record
SF:src/Lanczos/Convergence/NextChecking.jl
DA:9,0
DA:10,0
DA:15,3
DA:23,3
DA:24,3
DA:25,3
DA:30,3
DA:31,3
DA:33,0
DA:34,0
DA:39,0
LH:6
LF:11
end_of_record
SF:src/Lanczos/Convergence/getvals.jl
DA:10,1
DA:17,1
DA:18,1
DA:20,1
DA:22,1
DA:23,1
DA:24,1
DA:25,1
DA:27,1
DA:28,0
DA:29,0
DA:30,0
DA:31,0
DA:34,2
DA:35,1
LH:11
LF:15
end_of_record
SF:src/Lanczos/Convergence/getvecs.jl
DA:10,1
DA:11,1
DA:13,1
DA:15,1
DA:17,1
DA:18,1
DA:20,1
DA:31,0
DA:32,0
DA:33,0
DA:34,0
DA:37,0
DA:38,0
DA:41,0
DA:42,0
DA:43,0
DA:45,0
DA:51,1
DA:52,1
DA:61,0
DA:62,0
DA:63,0
DA:64,0
DA:65,0
DA:66,0
DA:67,0
DA:68,0
DA:69,0
DA:70,0
DA:76,0
DA:77,0
DA:78,0
DA:80,0
DA:81,0
DA:82,0
DA:83,0
DA:84,0
DA:85,0
DA:86,0
DA:87,0
DA:88,0
LH:9
LF:41
end_of_record
SF:src/Lanczos/Factorization/BlockLanczosFactorization.jl
DA:19,1
DA:20,1
DA:21,1
DA:22,1
DA:23,1
DA:24,1
DA:26,1
DA:41,23
DA:42,23
DA:43,23
DA:45,23
DA:46,23
DA:51,25
DA:52,25
DA:53,25
DA:55,25
DA:56,25
DA:64,0
DA:65,0
DA:66,0
DA:68,0
DA:69,0
DA:71,0
DA:72,0
DA:81,3
DA:82,3
DA:83,3
DA:86,3
DA:90,0
DA:92,0
DA:94,0
DA:95,0
DA:97,0
DA:102,23
DA:103,23
DA:104,23
DA:105,23
DA:107,23
DA:108,23
DA:110,23
DA:115,22
DA:117,22
DA:118,22
DA:120,22
DA:121,22
DA:123,22
DA:124,22
DA:127,22
DA:128,22
DA:130,22
LH:38
LF:50
end_of_record
SF:src/Lanczos/Factorization/Factorization.jl
DA:26,23
DA:28,23
DA:31,23
DA:34,23
DA:37,23
DA:50,1
DA:52,1
DA:54,1
DA:55,1
DA:57,1
DA:58,1
DA:60,1
DA:63,1
DA:64,1
DA:66,1
DA:75,22
DA:82,22
DA:83,22
DA:85,22
DA:86,22
DA:88,22
DA:89,22
DA:91,22
DA:92,22
DA:94,22
DA:95,22
LH:26
LF:26
end_of_record
SF:src/Lanczos/Factorization/FactorizationSteps/calculate_overlap.jl
DA:8,23
LH:1
LF:1
end_of_record
SF:src/Lanczos/Factorization/FactorizationSteps/mapping.jl
DA:10,22
LH:1
LF:1
end_of_record
SF:src/Lanczos/Factorization/FactorizationSteps/orthogonalization.jl
DA:9,22
DA:10,22
DA:12,22
DA:13,22
DA:16,22
DA:27,0
DA:28,0
DA:31,22
DA:32,22
DA:36,0
DA:37,0
LH:7
LF:11
end_of_record
SF:src/Lanczos/Factorization/FactorizationSteps/reorthogonalization.jl
DA:13,22
DA:26,22
DA:27,21
DA:33,0
DA:35,0
DA:36,0
DA:37,0
DA:38,0
DA:42,0
DA:44,0
DA:45,0
DA:62,0
DA:63,0
DA:66,0
DA:69,0
DA:70,0
DA:73,0
DA:77,21
DA:83,21
LH:5
LF:19
end_of_record
SF:src/Lanczos/Factorization/FactorizationSteps/tridiagonalization.jl
LH:0
LF:0
end_of_record
SF:src/Lanczos/Factorization/LanczosFactorization.jl
DA:18,0
DA:19,0
DA:20,0
DA:21,0
DA:22,0
DA:24,0
DA:25,0
DA:27,0
DA:42,0
DA:44,0
DA:48,0
DA:53,0
DA:55,0
DA:58,0
DA:61,0
DA:63,0
DA:64,0
DA:65,0
DA:67,0
LH:0
LF:19
end_of_record
SF:src/Lanczos/Factorization/diagnostics.jl
DA:1,1323
DA:2,0
DA:9,110
DA:10,111
DA:11,0
DA:14,111
DA:15,1323
DA:16,1323
DA:17,111
DA:20,0
DA:29,0
DA:30,0
DA:31,0
DA:32,0
DA:45,110
DA:46,0
DA:55,110
DA:56,0
DA:57,0
DA:58,0
DA:59,0
DA:70,110
LH:10
LF:22
end_of_record
SF:src/Lanczos/FactorizationReport.jl
DA:80,1
DA:88,1
DA:89,1
DA:90,1
DA:91,1
DA:94,1
DA:95,0
DA:96,0
DA:97,0
DA:98,0
DA:99,1
DA:100,1
DA:101,1
DA:102,1
DA:103,0
DA:104,0
DA:105,0
DA:106,0
DA:108,1
DA:109,1
DA:110,1
DA:111,1
DA:114,0
DA:117,1
DA:179,0
DA:183,0
DA:185,0
DA:186,0
DA:188,0
DA:189,0
DA:191,0
DA:192,0
DA:193,0
DA:194,0
DA:195,0
DA:198,0
DA:199,0
DA:203,0
DA:204,0
DA:209,0
DA:210,0
DA:212,0
DA:213,0
DA:215,0
DA:216,0
DA:219,0
DA:220,0
DA:221,0
DA:222,0
DA:223,0
DA:224,0
DA:225,0
DA:226,0
DA:227,0
DA:228,0
DA:229,0
DA:232,0
DA:233,0
DA:234,0
DA:235,0
DA:236,0
DA:238,0
DA:239,0
DA:240,0
DA:241,0
DA:244,0
DA:245,0
DA:246,0
DA:249,0
DA:251,0
DA:255,0
LH:15
LF:71
end_of_record
SF:src/Lanczos/Lanczos.jl
DA:85,0
DA:95,0
DA:96,0
DA:98,0
DA:117,2
DA:128,1
DA:129,1
DA:130,0
DA:133,1
DA:134,1
DA:135,1
DA:137,1
DA:138,1
DA:140,1
LH:9
LF:14
end_of_record
SF:src/Lanczos/LanczosAlgorithm.jl
DA:11,1
DA:19,1
DA:21,1
DA:22,1
DA:23,1
DA:31,6
DA:32,6
DA:34,22
DA:35,22
DA:36,22
DA:38,22
DA:39,22
DA:48,22
DA:49,22
DA:50,21
DA:52,1
DA:53,1
LH:17
LF:17
end_of_record
SF:src/Lanczos/LanczosDefaults.jl
LH:0
LF:0
end_of_record
SF:src/Lanczos/LanczosIterator.jl
DA:19,1
DA:20,1
LH:2
LF:2
end_of_record
SF:src/Lanczos/LanczosMethod.jl
DA:2,0
DA:3,1
DA:4,0
DA:5,0
DA:8,1
DA:9,1
DA:12,4
DA:13,4
DA:15,6
DA:16,3
DA:17,3
DA:19,3
DA:20,14
DA:22,7
DA:23,7
DA:24,3
DA:25,3
DA:28,4
DA:30,4
DA:31,11
DA:32,11
DA:33,11
DA:35,11
DA:36,4
DA:37,4
DA:39,7
DA:40,7
DA:42,7
DA:43,25
DA:45,3
DA:55,1
DA:61,1
DA:62,1
DA:64,1
DA:65,1
DA:67,1
DA:68,1
DA:71,1
DA:72,1
DA:74,1
DA:75,1
DA:76,1
DA:78,1
DA:79,1
DA:80,2
DA:82,1
DA:92,1
DA:101,1
DA:116,1
LH:46
LF:49
end_of_record
SF:src/Lanczos/OrthonormalBasis/HybridMatrixBasis.jl
DA:17,0
DA:18,0
DA:19,0
DA:20,0
DA:22,0
DA:23,0
DA:24,0
DA:25,0
DA:27,0
DA:37,0
DA:39,0
DA:40,0
DA:43,0
DA:44,0
DA:45,0
DA:48,0
DA:49,0
DA:50,0
DA:52,0
DA:53,0
DA:57,0
DA:69,0
DA:70,0
DA:71,0
DA:72,0
DA:75,0
DA:76,0
DA:79,0
DA:92,0
DA:93,0
DA:94,0
DA:96,0
DA:97,0
DA:100,0
DA:102,0
DA:104,0
DA:105,0
DA:107,0
DA:110,0
DA:111,0
DA:112,0
LH:0
LF:41
end_of_record
SF:src/Lanczos/OrthonormalBasis/MatrixBasis.jl
DA:11,1
DA:12,1
DA:13,1
DA:14,1
DA:15,1
DA:16,1
DA:26,23
DA:27,23
DA:29,23
DA:31,23
DA:33,23
DA:34,23
DA:35,23
DA:37,0
DA:39,0
DA:40,0
DA:41,0
DA:43,0
DA:44,0
DA:54,1
DA:55,1
DA:56,0
DA:58,1
DA:67,22
DA:68,22
DA:69,22
DA:70,0
DA:72,22
LH:20
LF:28
end_of_record
SF:src/Lanczos/OrthonormalBasis/OrthonormalBasis.jl
DA:16,1
DA:19,1
DA:20,0
DA:22,0
DA:26,0
DA:27,0
DA:28,0
DA:29,0
DA:32,0
DA:35,0
DA:36,0
DA:38,0
DA:39,0
DA:43,0
DA:44,0
DA:45,0
DA:46,0
DA:48,0
DA:59,0
DA:61,1
LH:3
LF:20
end_of_record
SF:src/Lanczos/OrthonormalBasis/VectorBasis.jl
DA:11,0
DA:12,0
DA:13,0
DA:14,0
DA:15,0
DA:38,0
DA:39,0
DA:40,0
DA:41,0
DA:44,0
DA:45,0
DA:46,0
DA:48,0
DA:57,0
DA:58,0
DA:59,0
DA:61,0
DA:69,0
DA:70,0
DA:71,0
DA:72,0
DA:74,0
LH:0
LF:22
end_of_record
SF:src/Lanczos/ProcessingUnit.jl
DA:21,1
DA:38,0
DA:39,0
LH:1
LF:3
end_of_record
SF:src/Lanczos/ReOrthTechnics/ReOrthTechnics.jl
DA:14,0
DA:25,0
DA:26,0
LH:0
LF:3
end_of_record
SF:src/Optimization/cpu/clenshaw_final_sum.jl
DA:7,3
DA:12,6
DA:13,3
DA:25,0
DA:35,0
DA:36,0
DA:38,0
DA:39,0
DA:40,0
DA:43,0
DA:48,1
DA:58,3
DA:60,3
DA:62,7
DA:63,15
DA:66,3
DA:70,0
DA:80,0
DA:81,0
DA:91,0
DA:93,0
DA:98,0
DA:108,0
DA:112,0
DA:122,0
DA:124,0
DA:125,0
DA:126,0
DA:127,0
DA:128,0
DA:130,0
DA:131,0
DA:132,0
DA:133,0
DA:136,0
LH:9
LF:35
end_of_record
SF:src/Optimization/cpu/clenshaw_recurrence_relation.jl
DA:8,3
DA:13,6
DA:14,3
DA:25,0
DA:35,0
DA:36,0
DA:38,0
DA:39,0
DA:40,0
DA:43,0
DA:47,1
DA:57,3
DA:59,3
DA:61,7
DA:62,15
DA:65,3
DA:68,0
DA:78,0
DA:79,0
DA:89,0
DA:91,0
DA:95,0
DA:105,0
DA:109,0
DA:119,0
DA:121,0
DA:122,0
DA:123,0
DA:124,0
DA:125,0
DA:127,0
DA:128,0
DA:129,0
DA:130,0
DA:133,0
LH:9
LF:35
end_of_record
SF:src/Optimization/cpu/cpu.jl
LH:0
LF:0
end_of_record
SF:src/Optimization/cpu/make_loop.jl
DA:2,0
DA:3,6
DA:4,0
DA:32,23
DA:33,142
DA:35,33
DA:46,2
DA:48,1
DA:49,1
DA:51,1
DA:52,4
DA:53,4
DA:55,4
DA:56,4
DA:57,4
DA:59,4
DA:62,1
LH:15
LF:17
end_of_record
SF:src/Optimization/cpu/mapping.jl
DA:9,7
DA:10,17
DA:12,7
DA:34,3
DA:35,3
DA:36,3
DA:37,9
DA:38,9
DA:41,3
DA:47,14
DA:54,14
DA:55,28
DA:57,14
DA:58,29
DA:59,165
DA:60,139
DA:62,29
DA:64,14
DA:75,2
DA:76,2
DA:78,2
DA:79,4
DA:80,6
DA:82,2
DA:87,2
DA:94,2
DA:98,1
DA:105,1
DA:107,1
DA:108,1
DA:110,2
DA:111,4
DA:112,4
DA:114,4
DA:115,10
DA:116,10
DA:119,1
LH:37
LF:37
end_of_record
SF:src/Optimization/cpu/single_row_mappings.jl
DA:18,9
DA:19,15
DA:20,9
DA:21,9
DA:22,12
DA:23,15
DA:25,9
DA:26,9
DA:30,0
DA:36,0
DA:37,0
DA:54,159
DA:55,285
DA:56,159
DA:57,194
DA:58,154
DA:59,184
DA:61,159
DA:62,159
DA:72,10
DA:74,10
DA:75,24
DA:76,20
DA:78,10
LH:21
LF:24
end_of_record
SF:src/Optimization/gpu/gpu.jl
LH:0
LF:0
end_of_record
SF:src/Optimization/gpu/kernels/clenshaw.jl
DA:14,0
DA:26,0
DA:27,0
DA:30,0
DA:31,0
DA:32,0
DA:35,0
DA:41,0
DA:52,0
DA:53,0
DA:54,0
DA:57,0
DA:58,0
DA:60,0
DA:61,0
DA:63,0
DA:66,0
LH:0
LF:17
end_of_record
SF:src/Optimization/gpu/kernels/device_functions.jl
DA:9,0
DA:19,0
DA:20,0
DA:22,0
DA:23,0
DA:24,0
DA:25,0
DA:27,0
DA:31,0
DA:42,0
DA:43,0
DA:45,0
DA:46,0
DA:47,0
DA:48,0
DA:50,0
DA:93,0
DA:102,0
DA:103,0
DA:105,0
DA:106,0
DA:107,0
DA:108,0
DA:110,0
DA:116,0
DA:126,0
DA:127,0
DA:129,0
DA:130,0
DA:131,0
DA:132,0
DA:134,0
LH:0
LF:32
end_of_record
SF:src/Optimization/gpu/kernels/kernels.jl
LH:0
LF:0
end_of_record
SF:src/Optimization/gpu/kernels/mapping.jl
DA:12,0
DA:21,0
DA:22,0
DA:25,0
DA:26,0
DA:29,0
DA:43,0
DA:52,0
DA:53,0
DA:56,0
DA:57,0
DA:58,0
DA:59,0
DA:62,0
DA:74,0
DA:85,0
DA:86,0
DA:87,0
DA:90,0
DA:91,0
DA:93,0
DA:94,0
DA:96,0
DA:99,0
LH:0
LF:24
end_of_record
SF:src/Optimization/gpu/vector_dispatch.jl
DA:5,0
DA:6,0
DA:7,0
DA:8,0
DA:11,0
DA:19,0
DA:20,0
DA:22,0
DA:23,0
DA:24,0
DA:26,0
DA:27,0
DA:28,0
DA:29,0
DA:31,0
DA:34,0
DA:37,0
DA:44,0
DA:45,0
DA:47,0
DA:48,0
DA:49,0
DA:51,0
DA:52,0
DA:53,0
DA:54,0
DA:56,0
DA:59,0
DA:62,0
DA:68,0
DA:69,0
DA:70,0
DA:71,0
DA:74,0
DA:80,0
DA:82,0
DA:83,0
DA:84,0
DA:85,0
DA:87,0
DA:90,0
DA:96,0
DA:98,0
DA:99,0
DA:100,0
DA:102,0
DA:110,0
DA:113,0
DA:118,0
DA:120,0
DA:121,0
DA:122,0
DA:123,0
DA:127,0
DA:132,0
DA:134,0
DA:135,0
DA:136,0
DA:137,0
LH:0
LF:59
end_of_record
SF:src/Optimization/optimization.jl
DA:11,0
DA:13,0
DA:14,0
DA:15,0
DA:16,0
DA:17,0
DA:18,0
DA:21,0
DA:24,0
DA:28,0
DA:29,0
DA:30,0
DA:39,64
DA:40,12
DA:47,2
DA:48,3
DA:56,0
DA:57,0
DA:65,0
DA:66,0
DA:67,0
DA:68,0
DA:72,0
DA:90,0
DA:91,0
DA:92,0
DA:93,0
DA:95,0
DA:96,0
DA:97,0
DA:98,0
DA:99,0
DA:100,0
DA:101,0
DA:103,0
DA:104,0
DA:106,0
DA:107,0
DA:108,0
DA:109,0
DA:111,0
DA:112,0
DA:113,0
DA:114,0
DA:116,0
DA:117,0
DA:118,0
DA:122,0
DA:123,0
DA:124,0
DA:127,0
DA:128,0
DA:129,0
DA:130,0
DA:131,0
DA:133,0
DA:149,6
DA:150,3
DA:152,3
DA:153,3
DA:154,3
DA:156,3
DA:157,3
DA:159,3
DA:160,11
DA:161,19
DA:164,3
DA:165,11
DA:166,29
DA:167,29
DA:168,18
DA:169,18
DA:170,18
DA:171,18
DA:172,22
DA:174,18
DA:175,47
DA:176,19
DA:178,3
DA:181,3
DA:182,11
DA:183,29
DA:184,29
DA:185,18
DA:186,18
DA:187,18
DA:188,18
DA:189,18
DA:190,18
DA:191,18
DA:192,18
DA:193,47
DA:194,19
DA:196,3
DA:200,2
DA:201,1
DA:203,1
DA:204,1
DA:205,1
DA:208,1
DA:209,5
DA:211,5
DA:212,25
DA:213,20
DA:214,20
DA:215,10
DA:216,10
DA:217,10
DA:219,10
DA:220,45
DA:221,9
DA:223,1
DA:226,1
DA:227,5
DA:228,25
DA:229,20
DA:230,20
DA:231,10
DA:232,10
DA:233,10
DA:234,10
DA:235,10
DA:236,10
DA:237,45
DA:238,9
DA:240,1
DA:249,4
DA:250,4
DA:251,4
DA:253,8
DA:254,8
DA:255,8
DA:256,8
DA:257,32
DA:258,32
DA:259,56
DA:260,8
DA:261,8
DA:262,16
DA:263,12
DA:265,4
DA:274,4
DA:275,4
DA:276,4
DA:277,8
DA:278,8
DA:279,4
LH:95
LF:147
end_of_record
SF:src/Polfed/Algorithm/SpectralTransformation/Bisection.jl
DA:18,2
DA:19,2
DA:20,0
DA:23,1
DA:24,27
DA:25,26
DA:26,26
DA:28,78
DA:29,0
DA:30,52
DA:31,12
DA:33,14
DA:36,26
DA:37,26
DA:39,1
LH:13
LF:15
end_of_record
SF:src/Polfed/Algorithm/SpectralTransformation/DefineTransformation.jl
DA:11,1
DA:18,1
DA:19,1
DA:21,2
DA:23,13
DA:29,1
DA:30,301
DA:32,2
DA:40,1
DA:42,25
DA:43,23
DA:44,23
DA:47,1
DA:61,0
DA:66,0
DA:67,0
DA:69,0
DA:71,0
DA:73,0
DA:74,0
DA:77,0
DA:78,0
DA:81,0
DA:92,1
DA:101,1
DA:102,1
DA:104,1
DA:105,0
DA:109,0
DA:118,1
DA:119,0
DA:123,0
DA:127,0
DA:136,1
DA:137,0
DA:141,0
DA:145,0
DA:156,1
DA:160,1
LH:21
LF:39
end_of_record
SF:src/Polfed/Algorithm/SpectralTransformation/GetBounds.jl
DA:3,110
DA:4,0
DA:5,0
DA:19,1
DA:25,1
DA:26,2
DA:27,2
DA:29,1
DA:31,1
DA:32,0
DA:33,1
DA:34,0
DA:35,1
DA:36,1
DA:38,0
DA:41,1
DA:57,0
DA:62,0
DA:63,0
DA:65,0
DA:74,0
DA:75,0
DA:76,0
DA:78,0
DA:79,0
DA:90,1
DA:94,1
DA:95,1
DA:96,1
DA:98,56
DA:99,54
DA:100,54
DA:101,2160
DA:102,54
DA:103,216
DA:105,54
DA:106,54
DA:108,54
DA:109,13
DA:112,1
DA:113,1
DA:114,1
DA:116,1
DA:117,1
LH:30
LF:44
end_of_record
SF:src/Polfed/Algorithm/SpectralTransformation/GetOrderOfExpansion.jl
DA:8,0
DA:9,0
DA:20,2
DA:22,1
DA:36,0
DA:37,0
DA:38,0
DA:39,0
DA:40,0
DA:42,0
DA:55,0
DA:56,0
DA:57,0
DA:59,0
DA:61,0
DA:63,0
LH:2
LF:16
end_of_record
SF:src/Polfed/Algorithm/SpectralTransformation/ParallelizationClenshaw.jl
DA:12,0
DA:17,0
DA:18,0
DA:19,0
DA:21,0
DA:50,23
DA:55,0
DA:63,0
DA:64,0
DA:66,0
DA:67,0
DA:69,0
DA:77,0
DA:85,0
DA:86,0
DA:88,0
DA:89,0
DA:90,0
DA:91,0
DA:92,0
DA:94,0
DA:103,0
DA:111,0
DA:112,0
DA:113,0
DA:115,0
DA:116,0
DA:117,0
DA:133,0
DA:134,0
DA:138,0
DA:140,0
DA:141,0
DA:142,0
DA:144,0
DA:149,1
DA:150,1
DA:151,1
DA:153,1
DA:154,0
LH:5
LF:40
end_of_record
SF:src/Polfed/Algorithm/SpectralTransformation/ParallelizationClenshaw_true.jl
DA:47,0
DA:55,0
DA:56,0
DA:58,0
DA:59,0
DA:60,0
DA:61,0
DA:62,0
DA:64,0
DA:70,0
DA:79,0
DA:88,0
DA:90,0
DA:91,0
DA:92,0
DA:94,0
DA:95,0
LH:0
LF:17
end_of_record
SF:src/Polfed/Algorithm/SpectralTransformation/ParallelizationMultiplication.jl
DA:15,0
DA:17,0
DA:18,0
DA:19,0
DA:20,0
DA:21,0
DA:23,0
DA:24,0
DA:26,0
DA:27,0
DA:41,0
DA:50,0
DA:51,0
DA:53,0
DA:54,0
DA:55,0
DA:58,0
DA:59,0
DA:61,0
DA:63,0
DA:64,0
DA:65,0
DA:67,0
DA:68,0
DA:69,0
DA:70,0
DA:72,0
DA:74,0
DA:83,0
DA:84,0
DA:86,0
DA:87,0
DA:88,0
DA:91,0
DA:92,0
DA:94,0
DA:96,0
DA:97,0
DA:98,0
DA:100,0
DA:101,0
DA:102,0
DA:103,0
DA:105,0
DA:107,0
LH:0
LF:45
end_of_record
SF:src/Polfed/Algorithm/SpectralTransformation/SpectralTransformation.jl
DA:19,1
DA:27,1
DA:28,2
DA:30,1
LH:4
LF:4
end_of_record
SF:src/Polfed/Algorithm/polfed_algorithm.jl
DA:15,1
DA:22,1
DA:23,1
DA:25,1
DA:36,1
LH:5
LF:5
end_of_record
SF:src/Polfed/Plan/Plan.jl
DA:12,1
DA:33,1
DA:52,1
DA:65,1
DA:66,0
DA:68,1
DA:69,0
DA:71,1
DA:84,1
DA:85,1
DA:86,1
DA:87,1
DA:88,1
DA:89,2
DA:91,0
DA:95,1
DA:96,0
DA:97,0
DA:98,0
DA:101,1
DA:102,0
DA:105,1
DA:106,0
DA:110,1
DA:128,1
DA:129,2
DA:130,1
DA:131,1
DA:133,1
DA:134,2
DA:136,2
DA:137,0
DA:143,0
DA:144,0
DA:150,1
DA:153,2
DA:154,0
DA:160,0
DA:161,0
DA:167,1
DA:170,1
DA:171,1
DA:173,2
DA:174,327
DA:175,612
DA:176,626
DA:179,1
DA:203,1
DA:209,1
DA:211,1
DA:212,1
DA:214,1
DA:215,1
DA:216,1
DA:217,0
DA:218,0
DA:219,0
DA:220,0
DA:223,1
DA:243,0
DA:244,0
DA:245,0
DA:247,0
DA:248,0
DA:260,0
DA:261,0
DA:263,0
DA:264,0
DA:265,0
DA:266,0
DA:267,0
DA:268,0
DA:269,0
DA:272,0
DA:273,0
DA:274,0
DA:275,0
DA:276,0
DA:277,0
DA:279,0
LH:41
LF:80
end_of_record
SF:src/Polfed/Plan/workers.jl
DA:11,1
DA:14,0
DA:15,0
DA:25,0
DA:26,0
DA:27,0
DA:30,0
DA:31,0
DA:32,0
DA:33,0
DA:34,0
DA:35,0
DA:37,0
DA:38,0
DA:40,0
DA:41,0
DA:56,1
DA:60,0
DA:74,0
DA:75,0
DA:76,0
DA:77,0
LH:2
LF:22
end_of_record
SF:src/Polfed/Plan/workers_using.jl
LH:0
LF:0
end_of_record
SF:src/Polfed/PolfedCore.jl
DA:78,1
DA:85,1
DA:86,0
DA:89,1
DA:96,328
DA:97,1
DA:98,0
DA:101,1
DA:118,2
DA:125,1
DA:126,1
DA:127,1
DA:128,1
DA:137,1
DA:138,1
DA:139,1
DA:140,0
DA:146,1
DA:147,1
DA:151,1
DA:159,1
DA:160,1
DA:161,1
DA:162,1
DA:164,1
DA:165,1
DA:166,1
DA:168,1
DA:170,1
DA:173,2
DA:176,1
DA:177,1
DA:178,1
DA:180,1
DA:181,1
LH:32
LF:35
end_of_record
SF:src/Polfed/Structs/DensitiesOfStatesConfig.jl
DA:44,1
DA:49,1
DA:68,1
DA:71,1
DA:72,1
LH:5
LF:5
end_of_record
SF:src/Polfed/Structs/FactorizationConfig.jl
DA:59,1
DA:67,1
DA:99,1
DA:105,1
DA:107,1
LH:5
LF:5
end_of_record
SF:src/Polfed/Structs/MappingConfig.jl
DA:92,1
DA:101,1
LH:2
LF:2
end_of_record
SF:src/Polfed/Structs/Parallelization.jl
DA:16,5
DA:29,3
DA:30,3
DA:60,3
DA:61,3
LH:5
LF:5
end_of_record
SF:src/Polfed/Structs/PolfedDefaults.jl
DA:61,1
DA:104,2418
LH:2
LF:2
end_of_record
SF:src/Polfed/Structs/ProcessingUnit.jl
DA:25,1
DA:45,0
DA:46,0
LH:1
LF:3
end_of_record
SF:src/Polfed/Structs/Report/BenchmarkReport.jl
DA:15,1
DA:34,1
DA:73,1
DA:75,1
DA:77,1
DA:78,1
DA:82,2
DA:83,1
DA:84,1
DA:85,1
DA:87,1
DA:88,1
DA:89,1
DA:91,0
DA:92,0
DA:93,0
DA:96,1
DA:105,1
DA:106,1
DA:107,1
DA:109,1
DA:111,0
DA:112,0
DA:114,1
DA:116,1
DA:117,1
DA:118,0
DA:119,0
DA:121,0
DA:124,0
DA:127,1
DA:151,0
DA:155,0
DA:158,0
DA:159,0
DA:160,0
DA:161,0
DA:162,0
DA:163,0
DA:165,0
DA:170,0
DA:171,0
DA:173,0
DA:174,0
DA:176,0
DA:177,0
DA:179,0
DA:180,0
DA:182,0
DA:185,0
DA:186,0
DA:188,0
DA:189,0
DA:191,0
DA:192,0
DA:194,0
DA:195,0
DA:197,0
DA:200,0
DA:201,0
DA:203,0
DA:204,0
DA:205,0
DA:208,0
DA:209,0
DA:210,0
DA:211,0
DA:214,0
DA:215,0
DA:216,0
DA:217,0
LH:22
LF:71
end_of_record
SF:src/Polfed/Structs/Report/Report.jl
DA:22,1
DA:47,0
DA:54,0
DA:56,0
DA:61,0
LH:1
LF:5
end_of_record
SF:src/Polfed/Structs/Report/SpectralTransformReport.jl
DA:45,1
DA:46,2
DA:47,1
DA:48,2
DA:49,2
DA:50,1
DA:51,2
DA:52,1
DA:53,1
DA:54,1
DA:56,1
DA:73,0
DA:74,0
DA:75,0
DA:76,1
DA:77,0
DA:99,0
DA:100,0
DA:102,0
DA:104,0
DA:105,0
DA:106,0
DA:107,0
DA:108,0
DA:109,0
DA:110,0
DA:111,0
DA:112,0
DA:113,0
DA:116,0
DA:117,0
DA:118,0
DA:119,0
DA:120,0
DA:121,0
DA:123,0
DA:126,0
DA:127,0
DA:128,0
DA:129,0
DA:130,0
DA:131,0
LH:12
LF:42
end_of_record
SF:src/Polfed/Structs/Structs.jl
LH:0
LF:0
end_of_record
SF:src/Polfed/Structs/TargetSpec.jl
DA:9,1
DA:27,1
DA:28,0
DA:31,1
DA:32,0
DA:33,0
DA:34,0
DA:37,1
DA:38,0
DA:39,0
DA:40,0
DA:41,0
DA:42,0
DA:43,0
DA:44,0
DA:45,0
DA:47,0
DA:48,0
DA:49,0
DA:52,1
DA:54,1
DA:57,0
LH:6
LF:22
end_of_record
SF:src/Polfed/Structs/TransformConfig.jl
DA:88,1
DA:98,1
LH:2
LF:2
end_of_record
SF:src/Polfed.jl
DA:33,0
DA:34,0
DA:35,0
DA:36,0
DA:37,0
DA:38,0
DA:39,0
DA:40,0
DA:41,0
DA:61,118
LH:1
LF:10
end_of_record
SF:src/QSun/HilbertSpace.jl
DA:6,6
DA:11,6
DA:12,6
DA:14,166
DA:15,160
DA:16,88
DA:17,88
DA:20,72
DA:21,72
DA:22,154
DA:23,154
DA:24,154
DA:27,6
DA:28,11
DA:30,6
DA:34,140
DA:36,140
DA:37,140
DA:40,0
LH:18
LF:19
end_of_record
SF:src/QSun/QSun.jl
DA:37,6
DA:52,6
DA:54,6
DA:55,4
DA:71,2
LH:5
LF:5
end_of_record
SF:src/QSun/QuantumSun.jl
DA:1,4
DA:14,2
DA:15,2
DA:17,2
DA:18,2
DA:19,2
DA:21,2
DA:22,2
DA:23,2
DA:25,2
DA:26,2
DA:27,2
DA:29,2
DA:30,4
DA:32,2
DA:33,2
DA:34,2
DA:36,2
DA:37,32
DA:38,64
DA:39,64
DA:41,64
DA:42,64
DA:43,64
DA:44,96
DA:46,32
DA:47,64
DA:48,64
DA:50,64
DA:52,64
DA:53,32
DA:55,32
DA:56,16
DA:57,16
DA:58,16
DA:59,16
DA:60,16
DA:64,32
DA:65,16
DA:66,16
DA:67,16
DA:68,16
DA:69,16
DA:74,64
DA:75,32
DA:77,32
DA:78,16
DA:79,16
DA:80,16
DA:81,16
DA:82,16
DA:86,32
DA:87,16
DA:88,16
DA:89,16
DA:90,16
DA:91,16
DA:95,96
DA:96,62
DA:98,2
DA:99,2
DA:101,2
LH:62
LF:62
end_of_record
SF:src/QSun/QuantumSun_U1_conserving.jl
DA:1,8
DA:15,4
DA:16,4
DA:17,8
DA:18,0
DA:21,4
DA:23,4
DA:24,4
DA:26,4
DA:27,4
DA:28,4
DA:30,4
DA:31,4
DA:32,4
DA:34,4
DA:36,4
DA:37,14
DA:38,52
DA:39,52
DA:40,52
DA:41,136
DA:42,136
DA:43,116
DA:44,52
DA:45,34
DA:47,90
DA:48,24
DA:50,56
DA:51,4
DA:52,56
DA:53,56
DA:54,184
DA:55,184
DA:56,312
DA:57,56
DA:58,108
DA:60,56
DA:61,4
DA:62,4
DA:63,56
DA:64,18
DA:65,18
DA:67,108
DA:69,4
DA:71,4
DA:73,4
DA:74,4
DA:75,4
DA:77,4
DA:78,4
DA:79,72
DA:80,72
DA:82,72
DA:83,26
DA:84,26
DA:85,26
DA:87,140
DA:89,4
DA:90,4
DA:92,4
DA:93,4
DA:94,4
DA:96,4
DA:97,56
DA:98,18
DA:99,33
DA:100,33
DA:102,33
DA:103,33
DA:104,33
DA:105,48
DA:108,56
DA:109,18
DA:110,33
DA:111,33
DA:113,33
DA:115,33
DA:116,16
DA:118,16
DA:119,5
DA:120,5
DA:121,0
DA:122,0
DA:123,0
DA:127,16
DA:128,12
DA:129,12
DA:130,12
DA:131,12
DA:132,12
DA:137,33
DA:138,19
DA:140,19
DA:141,12
DA:142,12
DA:143,12
DA:144,12
DA:145,12
DA:149,19
DA:150,9
DA:151,9
DA:152,0
DA:153,0
DA:154,0
DA:159,33
DA:161,33
DA:162,16
DA:164,16
DA:165,5
DA:166,5
DA:167,0
DA:168,0
DA:169,0
DA:173,16
DA:174,12
DA:175,12
DA:176,12
DA:177,12
DA:178,12
DA:183,33
DA:184,19
DA:186,19
DA:187,12
DA:188,12
DA:189,12
DA:190,12
DA:191,12
DA:195,19
DA:196,9
DA:197,9
DA:198,0
DA:199,0
DA:200,0
DA:204,48
DA:206,108
DA:208,4
DA:209,4
DA:211,4
LH:125
LF:138
end_of_record
SF:src/QSun/RandomUtils.jl
DA:1,12
DA:2,6
DA:5,6
DA:6,6
DA:7,6
DA:10,6
DA:11,6
DA:14,12
DA:15,11
DA:17,6
DA:18,6
DA:19,6
DA:20,5
DA:21,5
DA:22,5
DA:25,6
LH:16
LF:16
end_of_record
SF:src/QSun/SpinOperators.jl
DA:6,6
DA:12,6
DA:13,6
DA:14,6
DA:15,6
DA:16,6
DA:20,713
DA:21,713
DA:22,713
DA:26,274
DA:27,274
DA:28,274
DA:29,274
DA:32,0
DA:35,281
DA:36,281
DA:40,196
DA:41,196
DA:43,196
DA:44,196
DA:46,196
DA:47,196
DA:49,196
DA:50,196
DA:52,196
DA:56,68
DA:57,68
DA:59,68
DA:60,68
DA:62,68
DA:63,68
DA:65,68
DA:66,68
DA:68,68
LH:33
LF:34
end_of_record
